The system is: Linux - 5.4.0-107-generic - x86_64
Compiling the CXX compiler identification source file "CMakeCXXCompilerId.cpp" succeeded.
Compiler: /opt/rocm/llvm/bin/clang++ 
Build flags: 
Id flags:  

The output was:
0


Compilation of the CXX compiler identification source "CMakeCXXCompilerId.cpp" produced "a.out"

The CXX compiler identification is Clang, found in "/home/ashah122/taskflow/build/CMakeFiles/3.23.2/CompilerIdCXX/a.out"

Detecting CXX compiler ABI info compiled with the following output:
Change Dir: /home/ashah122/taskflow/build/CMakeFiles/CMakeTmp

Run Build Command(s):/usr/bin/make -f Makefile cmTC_55eb8/fast && /usr/bin/make  -f CMakeFiles/cmTC_55eb8.dir/build.make CMakeFiles/cmTC_55eb8.dir/build
make[1]: Entering directory '/home/ashah122/taskflow/build/CMakeFiles/CMakeTmp'
Building CXX object CMakeFiles/cmTC_55eb8.dir/CMakeCXXCompilerABI.cpp.o
/opt/rocm/llvm/bin/clang++   -v -MD -MT CMakeFiles/cmTC_55eb8.dir/CMakeCXXCompilerABI.cpp.o -MF CMakeFiles/cmTC_55eb8.dir/CMakeCXXCompilerABI.cpp.o.d -o CMakeFiles/cmTC_55eb8.dir/CMakeCXXCompilerABI.cpp.o -c /usr/share/cmake-3.23/Modules/CMakeCXXCompilerABI.cpp
AMD clang version 14.0.0 (https://github.com/RadeonOpenCompute/llvm-project roc-5.0.0 22051 235b6880e2e515507478181ec11a20c1ec87945b)
Target: x86_64-unknown-linux-gnu
Thread model: posix
InstalledDir: /opt/rocm/llvm/bin
Found candidate GCC installation: /usr/lib/gcc/x86_64-linux-gnu/7
Found candidate GCC installation: /usr/lib/gcc/x86_64-linux-gnu/7.5.0
Found candidate GCC installation: /usr/lib/gcc/x86_64-linux-gnu/8
Selected GCC installation: /usr/lib/gcc/x86_64-linux-gnu/7.5.0
Candidate multilib: .;@m64
Candidate multilib: 32;@m32
Candidate multilib: x32;@mx32
Selected multilib: .;@m64
Found HIP installation: /opt/rocm, version 5.0.13601
 (in-process)
 "/opt/rocm-5.0.0/llvm/bin/clang-14" -cc1 -triple x86_64-unknown-linux-gnu -emit-obj -mrelax-all --mrelax-relocations -disable-free -clear-ast-before-backend -disable-llvm-verifier -discard-value-names -main-file-name CMakeCXXCompilerABI.cpp -mrelocation-model static -mframe-pointer=all -fmath-errno -fno-rounding-math -mconstructor-aliases -funwind-tables=2 -target-cpu x86-64 -tune-cpu generic -debugger-tuning=gdb -v -fcoverage-compilation-dir=/home/ashah122/taskflow/build/CMakeFiles/CMakeTmp -resource-dir /opt/rocm-5.0.0/llvm/lib/clang/14.0.0 -dependency-file CMakeFiles/cmTC_55eb8.dir/CMakeCXXCompilerABI.cpp.o.d -MT CMakeFiles/cmTC_55eb8.dir/CMakeCXXCompilerABI.cpp.o -sys-header-deps -internal-isystem /usr/lib/gcc/x86_64-linux-gnu/7.5.0/../../../../include/c++/7.5.0 -internal-isystem /usr/lib/gcc/x86_64-linux-gnu/7.5.0/../../../../include/x86_64-linux-gnu/c++/7.5.0 -internal-isystem /usr/lib/gcc/x86_64-linux-gnu/7.5.0/../../../../include/c++/7.5.0/backward -internal-isystem /opt/rocm-5.0.0/llvm/lib/clang/14.0.0/include -internal-isystem /usr/local/include -internal-isystem /usr/lib/gcc/x86_64-linux-gnu/7.5.0/../../../../x86_64-linux-gnu/include -internal-externc-isystem /usr/include/x86_64-linux-gnu -internal-externc-isystem /include -internal-externc-isystem /usr/include -fdeprecated-macro -fdebug-compilation-dir=/home/ashah122/taskflow/build/CMakeFiles/CMakeTmp -ferror-limit 19 -fgnuc-version=4.2.1 -fcxx-exceptions -fexceptions -faddrsig -D__GCC_HAVE_DWARF2_CFI_ASM=1 -o CMakeFiles/cmTC_55eb8.dir/CMakeCXXCompilerABI.cpp.o -x c++ /usr/share/cmake-3.23/Modules/CMakeCXXCompilerABI.cpp
clang -cc1 version 14.0.0 based upon LLVM 14.0.0git default target x86_64-unknown-linux-gnu
ignoring nonexistent directory "/usr/lib/gcc/x86_64-linux-gnu/7.5.0/../../../../x86_64-linux-gnu/include"
ignoring nonexistent directory "/include"
#include "..." search starts here:
#include <...> search starts here:
 /usr/lib/gcc/x86_64-linux-gnu/7.5.0/../../../../include/c++/7.5.0
 /usr/lib/gcc/x86_64-linux-gnu/7.5.0/../../../../include/x86_64-linux-gnu/c++/7.5.0
 /usr/lib/gcc/x86_64-linux-gnu/7.5.0/../../../../include/c++/7.5.0/backward
 /opt/rocm-5.0.0/llvm/lib/clang/14.0.0/include
 /usr/local/include
 /usr/include/x86_64-linux-gnu
 /usr/include
End of search list.
Linking CXX executable cmTC_55eb8
/usr/bin/cmake -E cmake_link_script CMakeFiles/cmTC_55eb8.dir/link.txt --verbose=1
/opt/rocm/llvm/bin/clang++  -v CMakeFiles/cmTC_55eb8.dir/CMakeCXXCompilerABI.cpp.o -o cmTC_55eb8 
AMD clang version 14.0.0 (https://github.com/RadeonOpenCompute/llvm-project roc-5.0.0 22051 235b6880e2e515507478181ec11a20c1ec87945b)
Target: x86_64-unknown-linux-gnu
Thread model: posix
InstalledDir: /opt/rocm/llvm/bin
Found candidate GCC installation: /usr/lib/gcc/x86_64-linux-gnu/7
Found candidate GCC installation: /usr/lib/gcc/x86_64-linux-gnu/7.5.0
Found candidate GCC installation: /usr/lib/gcc/x86_64-linux-gnu/8
Selected GCC installation: /usr/lib/gcc/x86_64-linux-gnu/7.5.0
Candidate multilib: .;@m64
Candidate multilib: 32;@m32
Candidate multilib: x32;@mx32
Selected multilib: .;@m64
Found HIP installation: /opt/rocm, version 5.0.13601
 "/opt/rocm/llvm/bin/ld.lld" -z relro --hash-style=gnu --eh-frame-hdr -m elf_x86_64 -dynamic-linker /lib64/ld-linux-x86-64.so.2 -o cmTC_55eb8 /usr/lib/x86_64-linux-gnu/crt1.o /usr/lib/x86_64-linux-gnu/crti.o /usr/lib/gcc/x86_64-linux-gnu/7.5.0/crtbegin.o -L/usr/lib/gcc/x86_64-linux-gnu/7.5.0 -L/lib/x86_64-linux-gnu -L/lib/../lib64 -L/usr/lib/x86_64-linux-gnu -L/opt/rocm-5.0.0/llvm/bin/../lib -L/lib -L/usr/lib CMakeFiles/cmTC_55eb8.dir/CMakeCXXCompilerABI.cpp.o -lstdc++ -lm -lgcc_s -lgcc -lc -lgcc_s -lgcc /usr/lib/gcc/x86_64-linux-gnu/7.5.0/crtend.o /usr/lib/x86_64-linux-gnu/crtn.o
make[1]: Leaving directory '/home/ashah122/taskflow/build/CMakeFiles/CMakeTmp'



Parsed CXX implicit include dir info from above output: rv=done
  found start of include info
  found start of implicit include info
    add: [/usr/lib/gcc/x86_64-linux-gnu/7.5.0/../../../../include/c++/7.5.0]
    add: [/usr/lib/gcc/x86_64-linux-gnu/7.5.0/../../../../include/x86_64-linux-gnu/c++/7.5.0]
    add: [/usr/lib/gcc/x86_64-linux-gnu/7.5.0/../../../../include/c++/7.5.0/backward]
    add: [/opt/rocm-5.0.0/llvm/lib/clang/14.0.0/include]
    add: [/usr/local/include]
    add: [/usr/include/x86_64-linux-gnu]
    add: [/usr/include]
  end of search list found
  collapse include dir [/usr/lib/gcc/x86_64-linux-gnu/7.5.0/../../../../include/c++/7.5.0] ==> [/usr/include/c++/7.5.0]
  collapse include dir [/usr/lib/gcc/x86_64-linux-gnu/7.5.0/../../../../include/x86_64-linux-gnu/c++/7.5.0] ==> [/usr/include/x86_64-linux-gnu/c++/7.5.0]
  collapse include dir [/usr/lib/gcc/x86_64-linux-gnu/7.5.0/../../../../include/c++/7.5.0/backward] ==> [/usr/include/c++/7.5.0/backward]
  collapse include dir [/opt/rocm-5.0.0/llvm/lib/clang/14.0.0/include] ==> [/opt/rocm-5.0.0/llvm/lib/clang/14.0.0/include]
  collapse include dir [/usr/local/include] ==> [/usr/local/include]
  collapse include dir [/usr/include/x86_64-linux-gnu] ==> [/usr/include/x86_64-linux-gnu]
  collapse include dir [/usr/include] ==> [/usr/include]
  implicit include dirs: [/usr/include/c++/7.5.0;/usr/include/x86_64-linux-gnu/c++/7.5.0;/usr/include/c++/7.5.0/backward;/opt/rocm-5.0.0/llvm/lib/clang/14.0.0/include;/usr/local/include;/usr/include/x86_64-linux-gnu;/usr/include]


Parsed CXX implicit link information from above output:
  link line regex: [^( *|.*[/\])(ld\.lld|CMAKE_LINK_STARTFILE-NOTFOUND|([^/\]+-)?ld|collect2)[^/\]*( |$)]
  ignore line: [Change Dir: /home/ashah122/taskflow/build/CMakeFiles/CMakeTmp]
  ignore line: []
  ignore line: [Run Build Command(s):/usr/bin/make -f Makefile cmTC_55eb8/fast && /usr/bin/make  -f CMakeFiles/cmTC_55eb8.dir/build.make CMakeFiles/cmTC_55eb8.dir/build]
  ignore line: [make[1]: Entering directory '/home/ashah122/taskflow/build/CMakeFiles/CMakeTmp']
  ignore line: [Building CXX object CMakeFiles/cmTC_55eb8.dir/CMakeCXXCompilerABI.cpp.o]
  ignore line: [/opt/rocm/llvm/bin/clang++   -v -MD -MT CMakeFiles/cmTC_55eb8.dir/CMakeCXXCompilerABI.cpp.o -MF CMakeFiles/cmTC_55eb8.dir/CMakeCXXCompilerABI.cpp.o.d -o CMakeFiles/cmTC_55eb8.dir/CMakeCXXCompilerABI.cpp.o -c /usr/share/cmake-3.23/Modules/CMakeCXXCompilerABI.cpp]
  ignore line: [AMD clang version 14.0.0 (https://github.com/RadeonOpenCompute/llvm-project roc-5.0.0 22051 235b6880e2e515507478181ec11a20c1ec87945b)]
  ignore line: [Target: x86_64-unknown-linux-gnu]
  ignore line: [Thread model: posix]
  ignore line: [InstalledDir: /opt/rocm/llvm/bin]
  ignore line: [Found candidate GCC installation: /usr/lib/gcc/x86_64-linux-gnu/7]
  ignore line: [Found candidate GCC installation: /usr/lib/gcc/x86_64-linux-gnu/7.5.0]
  ignore line: [Found candidate GCC installation: /usr/lib/gcc/x86_64-linux-gnu/8]
  ignore line: [Selected GCC installation: /usr/lib/gcc/x86_64-linux-gnu/7.5.0]
  ignore line: [Candidate multilib: .]
  ignore line: [@m64]
  ignore line: [Candidate multilib: 32]
  ignore line: [@m32]
  ignore line: [Candidate multilib: x32]
  ignore line: [@mx32]
  ignore line: [Selected multilib: .]
  ignore line: [@m64]
  ignore line: [Found HIP installation: /opt/rocm  version 5.0.13601]
  ignore line: [ (in-process)]
  ignore line: [ "/opt/rocm-5.0.0/llvm/bin/clang-14" -cc1 -triple x86_64-unknown-linux-gnu -emit-obj -mrelax-all --mrelax-relocations -disable-free -clear-ast-before-backend -disable-llvm-verifier -discard-value-names -main-file-name CMakeCXXCompilerABI.cpp -mrelocation-model static -mframe-pointer=all -fmath-errno -fno-rounding-math -mconstructor-aliases -funwind-tables=2 -target-cpu x86-64 -tune-cpu generic -debugger-tuning=gdb -v -fcoverage-compilation-dir=/home/ashah122/taskflow/build/CMakeFiles/CMakeTmp -resource-dir /opt/rocm-5.0.0/llvm/lib/clang/14.0.0 -dependency-file CMakeFiles/cmTC_55eb8.dir/CMakeCXXCompilerABI.cpp.o.d -MT CMakeFiles/cmTC_55eb8.dir/CMakeCXXCompilerABI.cpp.o -sys-header-deps -internal-isystem /usr/lib/gcc/x86_64-linux-gnu/7.5.0/../../../../include/c++/7.5.0 -internal-isystem /usr/lib/gcc/x86_64-linux-gnu/7.5.0/../../../../include/x86_64-linux-gnu/c++/7.5.0 -internal-isystem /usr/lib/gcc/x86_64-linux-gnu/7.5.0/../../../../include/c++/7.5.0/backward -internal-isystem /opt/rocm-5.0.0/llvm/lib/clang/14.0.0/include -internal-isystem /usr/local/include -internal-isystem /usr/lib/gcc/x86_64-linux-gnu/7.5.0/../../../../x86_64-linux-gnu/include -internal-externc-isystem /usr/include/x86_64-linux-gnu -internal-externc-isystem /include -internal-externc-isystem /usr/include -fdeprecated-macro -fdebug-compilation-dir=/home/ashah122/taskflow/build/CMakeFiles/CMakeTmp -ferror-limit 19 -fgnuc-version=4.2.1 -fcxx-exceptions -fexceptions -faddrsig -D__GCC_HAVE_DWARF2_CFI_ASM=1 -o CMakeFiles/cmTC_55eb8.dir/CMakeCXXCompilerABI.cpp.o -x c++ /usr/share/cmake-3.23/Modules/CMakeCXXCompilerABI.cpp]
  ignore line: [clang -cc1 version 14.0.0 based upon LLVM 14.0.0git default target x86_64-unknown-linux-gnu]
  ignore line: [ignoring nonexistent directory "/usr/lib/gcc/x86_64-linux-gnu/7.5.0/../../../../x86_64-linux-gnu/include"]
  ignore line: [ignoring nonexistent directory "/include"]
  ignore line: [#include "..." search starts here:]
  ignore line: [#include <...> search starts here:]
  ignore line: [ /usr/lib/gcc/x86_64-linux-gnu/7.5.0/../../../../include/c++/7.5.0]
  ignore line: [ /usr/lib/gcc/x86_64-linux-gnu/7.5.0/../../../../include/x86_64-linux-gnu/c++/7.5.0]
  ignore line: [ /usr/lib/gcc/x86_64-linux-gnu/7.5.0/../../../../include/c++/7.5.0/backward]
  ignore line: [ /opt/rocm-5.0.0/llvm/lib/clang/14.0.0/include]
  ignore line: [ /usr/local/include]
  ignore line: [ /usr/include/x86_64-linux-gnu]
  ignore line: [ /usr/include]
  ignore line: [End of search list.]
  ignore line: [Linking CXX executable cmTC_55eb8]
  ignore line: [/usr/bin/cmake -E cmake_link_script CMakeFiles/cmTC_55eb8.dir/link.txt --verbose=1]
  ignore line: [/opt/rocm/llvm/bin/clang++  -v CMakeFiles/cmTC_55eb8.dir/CMakeCXXCompilerABI.cpp.o -o cmTC_55eb8 ]
  ignore line: [AMD clang version 14.0.0 (https://github.com/RadeonOpenCompute/llvm-project roc-5.0.0 22051 235b6880e2e515507478181ec11a20c1ec87945b)]
  ignore line: [Target: x86_64-unknown-linux-gnu]
  ignore line: [Thread model: posix]
  ignore line: [InstalledDir: /opt/rocm/llvm/bin]
  ignore line: [Found candidate GCC installation: /usr/lib/gcc/x86_64-linux-gnu/7]
  ignore line: [Found candidate GCC installation: /usr/lib/gcc/x86_64-linux-gnu/7.5.0]
  ignore line: [Found candidate GCC installation: /usr/lib/gcc/x86_64-linux-gnu/8]
  ignore line: [Selected GCC installation: /usr/lib/gcc/x86_64-linux-gnu/7.5.0]
  ignore line: [Candidate multilib: .]
  ignore line: [@m64]
  ignore line: [Candidate multilib: 32]
  ignore line: [@m32]
  ignore line: [Candidate multilib: x32]
  ignore line: [@mx32]
  ignore line: [Selected multilib: .]
  ignore line: [@m64]
  ignore line: [Found HIP installation: /opt/rocm  version 5.0.13601]
  link line: [ "/opt/rocm/llvm/bin/ld.lld" -z relro --hash-style=gnu --eh-frame-hdr -m elf_x86_64 -dynamic-linker /lib64/ld-linux-x86-64.so.2 -o cmTC_55eb8 /usr/lib/x86_64-linux-gnu/crt1.o /usr/lib/x86_64-linux-gnu/crti.o /usr/lib/gcc/x86_64-linux-gnu/7.5.0/crtbegin.o -L/usr/lib/gcc/x86_64-linux-gnu/7.5.0 -L/lib/x86_64-linux-gnu -L/lib/../lib64 -L/usr/lib/x86_64-linux-gnu -L/opt/rocm-5.0.0/llvm/bin/../lib -L/lib -L/usr/lib CMakeFiles/cmTC_55eb8.dir/CMakeCXXCompilerABI.cpp.o -lstdc++ -lm -lgcc_s -lgcc -lc -lgcc_s -lgcc /usr/lib/gcc/x86_64-linux-gnu/7.5.0/crtend.o /usr/lib/x86_64-linux-gnu/crtn.o]
    arg [/opt/rocm/llvm/bin/ld.lld] ==> ignore
    arg [-zrelro] ==> ignore
    arg [--hash-style=gnu] ==> ignore
    arg [--eh-frame-hdr] ==> ignore
    arg [-m] ==> ignore
    arg [elf_x86_64] ==> ignore
    arg [-dynamic-linker] ==> ignore
    arg [/lib64/ld-linux-x86-64.so.2] ==> ignore
    arg [-o] ==> ignore
    arg [cmTC_55eb8] ==> ignore
    arg [/usr/lib/x86_64-linux-gnu/crt1.o] ==> obj [/usr/lib/x86_64-linux-gnu/crt1.o]
    arg [/usr/lib/x86_64-linux-gnu/crti.o] ==> obj [/usr/lib/x86_64-linux-gnu/crti.o]
    arg [/usr/lib/gcc/x86_64-linux-gnu/7.5.0/crtbegin.o] ==> obj [/usr/lib/gcc/x86_64-linux-gnu/7.5.0/crtbegin.o]
    arg [-L/usr/lib/gcc/x86_64-linux-gnu/7.5.0] ==> dir [/usr/lib/gcc/x86_64-linux-gnu/7.5.0]
    arg [-L/lib/x86_64-linux-gnu] ==> dir [/lib/x86_64-linux-gnu]
    arg [-L/lib/../lib64] ==> dir [/lib/../lib64]
    arg [-L/usr/lib/x86_64-linux-gnu] ==> dir [/usr/lib/x86_64-linux-gnu]
    arg [-L/opt/rocm-5.0.0/llvm/bin/../lib] ==> dir [/opt/rocm-5.0.0/llvm/bin/../lib]
    arg [-L/lib] ==> dir [/lib]
    arg [-L/usr/lib] ==> dir [/usr/lib]
    arg [CMakeFiles/cmTC_55eb8.dir/CMakeCXXCompilerABI.cpp.o] ==> ignore
    arg [-lstdc++] ==> lib [stdc++]
    arg [-lm] ==> lib [m]
    arg [-lgcc_s] ==> lib [gcc_s]
    arg [-lgcc] ==> lib [gcc]
    arg [-lc] ==> lib [c]
    arg [-lgcc_s] ==> lib [gcc_s]
    arg [-lgcc] ==> lib [gcc]
    arg [/usr/lib/gcc/x86_64-linux-gnu/7.5.0/crtend.o] ==> obj [/usr/lib/gcc/x86_64-linux-gnu/7.5.0/crtend.o]
    arg [/usr/lib/x86_64-linux-gnu/crtn.o] ==> obj [/usr/lib/x86_64-linux-gnu/crtn.o]
  collapse library dir [/usr/lib/gcc/x86_64-linux-gnu/7.5.0] ==> [/usr/lib/gcc/x86_64-linux-gnu/7.5.0]
  collapse library dir [/lib/x86_64-linux-gnu] ==> [/lib/x86_64-linux-gnu]
  collapse library dir [/lib/../lib64] ==> [/lib64]
  collapse library dir [/usr/lib/x86_64-linux-gnu] ==> [/usr/lib/x86_64-linux-gnu]
  collapse library dir [/opt/rocm-5.0.0/llvm/bin/../lib] ==> [/opt/rocm-5.0.0/llvm/lib]
  collapse library dir [/lib] ==> [/lib]
  collapse library dir [/usr/lib] ==> [/usr/lib]
  implicit libs: [stdc++;m;gcc_s;gcc;c;gcc_s;gcc]
  implicit objs: [/usr/lib/x86_64-linux-gnu/crt1.o;/usr/lib/x86_64-linux-gnu/crti.o;/usr/lib/gcc/x86_64-linux-gnu/7.5.0/crtbegin.o;/usr/lib/gcc/x86_64-linux-gnu/7.5.0/crtend.o;/usr/lib/x86_64-linux-gnu/crtn.o]
  implicit dirs: [/usr/lib/gcc/x86_64-linux-gnu/7.5.0;/lib/x86_64-linux-gnu;/lib64;/usr/lib/x86_64-linux-gnu;/opt/rocm-5.0.0/llvm/lib;/lib;/usr/lib]
  implicit fwks: []


Determining if the include file pthread.h exists passed with the following output:
Change Dir: /home/ashah122/taskflow/build/CMakeFiles/CMakeTmp

Run Build Command(s):/usr/bin/make -f Makefile cmTC_5563d/fast && /usr/bin/make  -f CMakeFiles/cmTC_5563d.dir/build.make CMakeFiles/cmTC_5563d.dir/build
make[1]: Entering directory '/home/ashah122/taskflow/build/CMakeFiles/CMakeTmp'
Building CXX object CMakeFiles/cmTC_5563d.dir/CheckIncludeFile.cxx.o
/opt/rocm/llvm/bin/clang++    -MD -MT CMakeFiles/cmTC_5563d.dir/CheckIncludeFile.cxx.o -MF CMakeFiles/cmTC_5563d.dir/CheckIncludeFile.cxx.o.d -o CMakeFiles/cmTC_5563d.dir/CheckIncludeFile.cxx.o -c /home/ashah122/taskflow/build/CMakeFiles/CMakeTmp/CheckIncludeFile.cxx
Linking CXX executable cmTC_5563d
/usr/bin/cmake -E cmake_link_script CMakeFiles/cmTC_5563d.dir/link.txt --verbose=1
/opt/rocm/llvm/bin/clang++ CMakeFiles/cmTC_5563d.dir/CheckIncludeFile.cxx.o -o cmTC_5563d 
make[1]: Leaving directory '/home/ashah122/taskflow/build/CMakeFiles/CMakeTmp'



Determining if the function pthread_create exists in the pthread passed with the following output:
Change Dir: /home/ashah122/taskflow/build/CMakeFiles/CMakeTmp

Run Build Command(s):/usr/bin/make -f Makefile cmTC_2d70e/fast && /usr/bin/make  -f CMakeFiles/cmTC_2d70e.dir/build.make CMakeFiles/cmTC_2d70e.dir/build
make[1]: Entering directory '/home/ashah122/taskflow/build/CMakeFiles/CMakeTmp'
Building CXX object CMakeFiles/cmTC_2d70e.dir/CheckFunctionExists.cxx.o
/opt/rocm/llvm/bin/clang++   -DCHECK_FUNCTION_EXISTS=pthread_create -MD -MT CMakeFiles/cmTC_2d70e.dir/CheckFunctionExists.cxx.o -MF CMakeFiles/cmTC_2d70e.dir/CheckFunctionExists.cxx.o.d -o CMakeFiles/cmTC_2d70e.dir/CheckFunctionExists.cxx.o -c /home/ashah122/taskflow/build/CMakeFiles/CheckLibraryExists/CheckFunctionExists.cxx
Linking CXX executable cmTC_2d70e
/usr/bin/cmake -E cmake_link_script CMakeFiles/cmTC_2d70e.dir/link.txt --verbose=1
/opt/rocm/llvm/bin/clang++  -DCHECK_FUNCTION_EXISTS=pthread_create CMakeFiles/cmTC_2d70e.dir/CheckFunctionExists.cxx.o -o cmTC_2d70e  -lpthread 
make[1]: Leaving directory '/home/ashah122/taskflow/build/CMakeFiles/CMakeTmp'



Detecting CXX OpenMP compiler ABI info compiled with the following output:
Change Dir: /home/ashah122/taskflow/build/CMakeFiles/CMakeTmp

Run Build Command(s):/usr/bin/make -f Makefile cmTC_a0442/fast && /usr/bin/make  -f CMakeFiles/cmTC_a0442.dir/build.make CMakeFiles/cmTC_a0442.dir/build
make[1]: Entering directory '/home/ashah122/taskflow/build/CMakeFiles/CMakeTmp'
Building CXX object CMakeFiles/cmTC_a0442.dir/OpenMPTryFlag.cpp.o
/opt/rocm/llvm/bin/clang++   -fopenmp=libomp -v -MD -MT CMakeFiles/cmTC_a0442.dir/OpenMPTryFlag.cpp.o -MF CMakeFiles/cmTC_a0442.dir/OpenMPTryFlag.cpp.o.d -o CMakeFiles/cmTC_a0442.dir/OpenMPTryFlag.cpp.o -c /home/ashah122/taskflow/build/CMakeFiles/FindOpenMP/OpenMPTryFlag.cpp
AMD clang version 14.0.0 (https://github.com/RadeonOpenCompute/llvm-project roc-5.0.0 22051 235b6880e2e515507478181ec11a20c1ec87945b)
Target: x86_64-unknown-linux-gnu
Thread model: posix
InstalledDir: /opt/rocm/llvm/bin
Found candidate GCC installation: /usr/lib/gcc/x86_64-linux-gnu/7
Found candidate GCC installation: /usr/lib/gcc/x86_64-linux-gnu/7.5.0
Found candidate GCC installation: /usr/lib/gcc/x86_64-linux-gnu/8
Selected GCC installation: /usr/lib/gcc/x86_64-linux-gnu/7.5.0
Candidate multilib: .;@m64
Candidate multilib: 32;@m32
Candidate multilib: x32;@mx32
Selected multilib: .;@m64
Found HIP installation: /opt/rocm, version 5.0.13601
 (in-process)
 "/opt/rocm-5.0.0/llvm/bin/clang-14" -cc1 -triple x86_64-unknown-linux-gnu -emit-obj -mrelax-all --mrelax-relocations -disable-free -clear-ast-before-backend -disable-llvm-verifier -discard-value-names -main-file-name OpenMPTryFlag.cpp -mrelocation-model static -mframe-pointer=all -fmath-errno -fno-rounding-math -mconstructor-aliases -funwind-tables=2 -target-cpu x86-64 -tune-cpu generic -debugger-tuning=gdb -v -fcoverage-compilation-dir=/home/ashah122/taskflow/build/CMakeFiles/CMakeTmp -resource-dir /opt/rocm-5.0.0/llvm/lib/clang/14.0.0 -dependency-file CMakeFiles/cmTC_a0442.dir/OpenMPTryFlag.cpp.o.d -MT CMakeFiles/cmTC_a0442.dir/OpenMPTryFlag.cpp.o -sys-header-deps -I /opt/rocm-5.0.0/llvm/bin/../include -internal-isystem /usr/lib/gcc/x86_64-linux-gnu/7.5.0/../../../../include/c++/7.5.0 -internal-isystem /usr/lib/gcc/x86_64-linux-gnu/7.5.0/../../../../include/x86_64-linux-gnu/c++/7.5.0 -internal-isystem /usr/lib/gcc/x86_64-linux-gnu/7.5.0/../../../../include/c++/7.5.0/backward -internal-isystem /opt/rocm-5.0.0/llvm/lib/clang/14.0.0/include -internal-isystem /usr/local/include -internal-isystem /usr/lib/gcc/x86_64-linux-gnu/7.5.0/../../../../x86_64-linux-gnu/include -internal-externc-isystem /usr/include/x86_64-linux-gnu -internal-externc-isystem /include -internal-externc-isystem /usr/include -fdeprecated-macro -fdebug-compilation-dir=/home/ashah122/taskflow/build/CMakeFiles/CMakeTmp -ferror-limit 19 -fopenmp -fgnuc-version=4.2.1 -fcxx-exceptions -fexceptions -faddrsig -D__GCC_HAVE_DWARF2_CFI_ASM=1 -o CMakeFiles/cmTC_a0442.dir/OpenMPTryFlag.cpp.o -x c++ /home/ashah122/taskflow/build/CMakeFiles/FindOpenMP/OpenMPTryFlag.cpp
clang -cc1 version 14.0.0 based upon LLVM 14.0.0git default target x86_64-unknown-linux-gnu
ignoring nonexistent directory "/usr/lib/gcc/x86_64-linux-gnu/7.5.0/../../../../x86_64-linux-gnu/include"
ignoring nonexistent directory "/include"
#include "..." search starts here:
#include <...> search starts here:
 /opt/rocm-5.0.0/llvm/bin/../include
 /usr/lib/gcc/x86_64-linux-gnu/7.5.0/../../../../include/c++/7.5.0
 /usr/lib/gcc/x86_64-linux-gnu/7.5.0/../../../../include/x86_64-linux-gnu/c++/7.5.0
 /usr/lib/gcc/x86_64-linux-gnu/7.5.0/../../../../include/c++/7.5.0/backward
 /opt/rocm-5.0.0/llvm/lib/clang/14.0.0/include
 /usr/local/include
 /usr/include/x86_64-linux-gnu
 /usr/include
End of search list.
Linking CXX executable cmTC_a0442
/usr/bin/cmake -E cmake_link_script CMakeFiles/cmTC_a0442.dir/link.txt --verbose=1
/opt/rocm/llvm/bin/clang++  -fopenmp=libomp -v CMakeFiles/cmTC_a0442.dir/OpenMPTryFlag.cpp.o -o cmTC_a0442  -v 
AMD clang version 14.0.0 (https://github.com/RadeonOpenCompute/llvm-project roc-5.0.0 22051 235b6880e2e515507478181ec11a20c1ec87945b)
Target: x86_64-unknown-linux-gnu
Thread model: posix
InstalledDir: /opt/rocm/llvm/bin
Found candidate GCC installation: /usr/lib/gcc/x86_64-linux-gnu/7
Found candidate GCC installation: /usr/lib/gcc/x86_64-linux-gnu/7.5.0
Found candidate GCC installation: /usr/lib/gcc/x86_64-linux-gnu/8
Selected GCC installation: /usr/lib/gcc/x86_64-linux-gnu/7.5.0
Candidate multilib: .;@m64
Candidate multilib: 32;@m32
Candidate multilib: x32;@mx32
Selected multilib: .;@m64
Found HIP installation: /opt/rocm, version 5.0.13601
 "/opt/rocm/llvm/bin/ld.lld" -z relro --hash-style=gnu --eh-frame-hdr -m elf_x86_64 -dynamic-linker /lib64/ld-linux-x86-64.so.2 -o cmTC_a0442 /usr/lib/x86_64-linux-gnu/crt1.o /usr/lib/x86_64-linux-gnu/crti.o /usr/lib/gcc/x86_64-linux-gnu/7.5.0/crtbegin.o -L/usr/lib/gcc/x86_64-linux-gnu/7.5.0 -L/lib/x86_64-linux-gnu -L/lib/../lib64 -L/usr/lib/x86_64-linux-gnu -L/opt/rocm-5.0.0/llvm/bin/../lib -L/lib -L/usr/lib CMakeFiles/cmTC_a0442.dir/OpenMPTryFlag.cpp.o -lstdc++ -lm -lomp -rpath /opt/rocm-5.0.0/llvm/bin/../lib -lgcc_s -lgcc -lpthread -lc -lgcc_s -lgcc /usr/lib/gcc/x86_64-linux-gnu/7.5.0/crtend.o /usr/lib/x86_64-linux-gnu/crtn.o
make[1]: Leaving directory '/home/ashah122/taskflow/build/CMakeFiles/CMakeTmp'



Parsed CXX OpenMP implicit link information from above output:
  link line regex: [^( *|.*[/\])(ld\.lld|CMAKE_LINK_STARTFILE-NOTFOUND|([^/\]+-)?ld|collect2)[^/\]*( |$)]
  ignore line: [Change Dir: /home/ashah122/taskflow/build/CMakeFiles/CMakeTmp]
  ignore line: []
  ignore line: [Run Build Command(s):/usr/bin/make -f Makefile cmTC_a0442/fast && /usr/bin/make  -f CMakeFiles/cmTC_a0442.dir/build.make CMakeFiles/cmTC_a0442.dir/build]
  ignore line: [make[1]: Entering directory '/home/ashah122/taskflow/build/CMakeFiles/CMakeTmp']
  ignore line: [Building CXX object CMakeFiles/cmTC_a0442.dir/OpenMPTryFlag.cpp.o]
  ignore line: [/opt/rocm/llvm/bin/clang++   -fopenmp=libomp -v -MD -MT CMakeFiles/cmTC_a0442.dir/OpenMPTryFlag.cpp.o -MF CMakeFiles/cmTC_a0442.dir/OpenMPTryFlag.cpp.o.d -o CMakeFiles/cmTC_a0442.dir/OpenMPTryFlag.cpp.o -c /home/ashah122/taskflow/build/CMakeFiles/FindOpenMP/OpenMPTryFlag.cpp]
  ignore line: [AMD clang version 14.0.0 (https://github.com/RadeonOpenCompute/llvm-project roc-5.0.0 22051 235b6880e2e515507478181ec11a20c1ec87945b)]
  ignore line: [Target: x86_64-unknown-linux-gnu]
  ignore line: [Thread model: posix]
  ignore line: [InstalledDir: /opt/rocm/llvm/bin]
  ignore line: [Found candidate GCC installation: /usr/lib/gcc/x86_64-linux-gnu/7]
  ignore line: [Found candidate GCC installation: /usr/lib/gcc/x86_64-linux-gnu/7.5.0]
  ignore line: [Found candidate GCC installation: /usr/lib/gcc/x86_64-linux-gnu/8]
  ignore line: [Selected GCC installation: /usr/lib/gcc/x86_64-linux-gnu/7.5.0]
  ignore line: [Candidate multilib: .]
  ignore line: [@m64]
  ignore line: [Candidate multilib: 32]
  ignore line: [@m32]
  ignore line: [Candidate multilib: x32]
  ignore line: [@mx32]
  ignore line: [Selected multilib: .]
  ignore line: [@m64]
  ignore line: [Found HIP installation: /opt/rocm  version 5.0.13601]
  ignore line: [ (in-process)]
  ignore line: [ "/opt/rocm-5.0.0/llvm/bin/clang-14" -cc1 -triple x86_64-unknown-linux-gnu -emit-obj -mrelax-all --mrelax-relocations -disable-free -clear-ast-before-backend -disable-llvm-verifier -discard-value-names -main-file-name OpenMPTryFlag.cpp -mrelocation-model static -mframe-pointer=all -fmath-errno -fno-rounding-math -mconstructor-aliases -funwind-tables=2 -target-cpu x86-64 -tune-cpu generic -debugger-tuning=gdb -v -fcoverage-compilation-dir=/home/ashah122/taskflow/build/CMakeFiles/CMakeTmp -resource-dir /opt/rocm-5.0.0/llvm/lib/clang/14.0.0 -dependency-file CMakeFiles/cmTC_a0442.dir/OpenMPTryFlag.cpp.o.d -MT CMakeFiles/cmTC_a0442.dir/OpenMPTryFlag.cpp.o -sys-header-deps -I /opt/rocm-5.0.0/llvm/bin/../include -internal-isystem /usr/lib/gcc/x86_64-linux-gnu/7.5.0/../../../../include/c++/7.5.0 -internal-isystem /usr/lib/gcc/x86_64-linux-gnu/7.5.0/../../../../include/x86_64-linux-gnu/c++/7.5.0 -internal-isystem /usr/lib/gcc/x86_64-linux-gnu/7.5.0/../../../../include/c++/7.5.0/backward -internal-isystem /opt/rocm-5.0.0/llvm/lib/clang/14.0.0/include -internal-isystem /usr/local/include -internal-isystem /usr/lib/gcc/x86_64-linux-gnu/7.5.0/../../../../x86_64-linux-gnu/include -internal-externc-isystem /usr/include/x86_64-linux-gnu -internal-externc-isystem /include -internal-externc-isystem /usr/include -fdeprecated-macro -fdebug-compilation-dir=/home/ashah122/taskflow/build/CMakeFiles/CMakeTmp -ferror-limit 19 -fopenmp -fgnuc-version=4.2.1 -fcxx-exceptions -fexceptions -faddrsig -D__GCC_HAVE_DWARF2_CFI_ASM=1 -o CMakeFiles/cmTC_a0442.dir/OpenMPTryFlag.cpp.o -x c++ /home/ashah122/taskflow/build/CMakeFiles/FindOpenMP/OpenMPTryFlag.cpp]
  ignore line: [clang -cc1 version 14.0.0 based upon LLVM 14.0.0git default target x86_64-unknown-linux-gnu]
  ignore line: [ignoring nonexistent directory "/usr/lib/gcc/x86_64-linux-gnu/7.5.0/../../../../x86_64-linux-gnu/include"]
  ignore line: [ignoring nonexistent directory "/include"]
  ignore line: [#include "..." search starts here:]
  ignore line: [#include <...> search starts here:]
  ignore line: [ /opt/rocm-5.0.0/llvm/bin/../include]
  ignore line: [ /usr/lib/gcc/x86_64-linux-gnu/7.5.0/../../../../include/c++/7.5.0]
  ignore line: [ /usr/lib/gcc/x86_64-linux-gnu/7.5.0/../../../../include/x86_64-linux-gnu/c++/7.5.0]
  ignore line: [ /usr/lib/gcc/x86_64-linux-gnu/7.5.0/../../../../include/c++/7.5.0/backward]
  ignore line: [ /opt/rocm-5.0.0/llvm/lib/clang/14.0.0/include]
  ignore line: [ /usr/local/include]
  ignore line: [ /usr/include/x86_64-linux-gnu]
  ignore line: [ /usr/include]
  ignore line: [End of search list.]
  ignore line: [Linking CXX executable cmTC_a0442]
  ignore line: [/usr/bin/cmake -E cmake_link_script CMakeFiles/cmTC_a0442.dir/link.txt --verbose=1]
  ignore line: [/opt/rocm/llvm/bin/clang++  -fopenmp=libomp -v CMakeFiles/cmTC_a0442.dir/OpenMPTryFlag.cpp.o -o cmTC_a0442  -v ]
  ignore line: [AMD clang version 14.0.0 (https://github.com/RadeonOpenCompute/llvm-project roc-5.0.0 22051 235b6880e2e515507478181ec11a20c1ec87945b)]
  ignore line: [Target: x86_64-unknown-linux-gnu]
  ignore line: [Thread model: posix]
  ignore line: [InstalledDir: /opt/rocm/llvm/bin]
  ignore line: [Found candidate GCC installation: /usr/lib/gcc/x86_64-linux-gnu/7]
  ignore line: [Found candidate GCC installation: /usr/lib/gcc/x86_64-linux-gnu/7.5.0]
  ignore line: [Found candidate GCC installation: /usr/lib/gcc/x86_64-linux-gnu/8]
  ignore line: [Selected GCC installation: /usr/lib/gcc/x86_64-linux-gnu/7.5.0]
  ignore line: [Candidate multilib: .]
  ignore line: [@m64]
  ignore line: [Candidate multilib: 32]
  ignore line: [@m32]
  ignore line: [Candidate multilib: x32]
  ignore line: [@mx32]
  ignore line: [Selected multilib: .]
  ignore line: [@m64]
  ignore line: [Found HIP installation: /opt/rocm  version 5.0.13601]
  link line: [ "/opt/rocm/llvm/bin/ld.lld" -z relro --hash-style=gnu --eh-frame-hdr -m elf_x86_64 -dynamic-linker /lib64/ld-linux-x86-64.so.2 -o cmTC_a0442 /usr/lib/x86_64-linux-gnu/crt1.o /usr/lib/x86_64-linux-gnu/crti.o /usr/lib/gcc/x86_64-linux-gnu/7.5.0/crtbegin.o -L/usr/lib/gcc/x86_64-linux-gnu/7.5.0 -L/lib/x86_64-linux-gnu -L/lib/../lib64 -L/usr/lib/x86_64-linux-gnu -L/opt/rocm-5.0.0/llvm/bin/../lib -L/lib -L/usr/lib CMakeFiles/cmTC_a0442.dir/OpenMPTryFlag.cpp.o -lstdc++ -lm -lomp -rpath /opt/rocm-5.0.0/llvm/bin/../lib -lgcc_s -lgcc -lpthread -lc -lgcc_s -lgcc /usr/lib/gcc/x86_64-linux-gnu/7.5.0/crtend.o /usr/lib/x86_64-linux-gnu/crtn.o]
    arg [/opt/rocm/llvm/bin/ld.lld] ==> ignore
    arg [-zrelro] ==> ignore
    arg [--hash-style=gnu] ==> ignore
    arg [--eh-frame-hdr] ==> ignore
    arg [-m] ==> ignore
    arg [elf_x86_64] ==> ignore
    arg [-dynamic-linker] ==> ignore
    arg [/lib64/ld-linux-x86-64.so.2] ==> ignore
    arg [-o] ==> ignore
    arg [cmTC_a0442] ==> ignore
    arg [-L/usr/lib/gcc/x86_64-linux-gnu/7.5.0] ==> dir [/usr/lib/gcc/x86_64-linux-gnu/7.5.0]
    arg [-L/lib/x86_64-linux-gnu] ==> dir [/lib/x86_64-linux-gnu]
    arg [-L/lib/../lib64] ==> dir [/lib/../lib64]
    arg [-L/usr/lib/x86_64-linux-gnu] ==> dir [/usr/lib/x86_64-linux-gnu]
    arg [-L/opt/rocm-5.0.0/llvm/bin/../lib] ==> dir [/opt/rocm-5.0.0/llvm/bin/../lib]
    arg [-L/lib] ==> dir [/lib]
    arg [-L/usr/lib] ==> dir [/usr/lib]
    arg [CMakeFiles/cmTC_a0442.dir/OpenMPTryFlag.cpp.o] ==> ignore
    arg [-lstdc++] ==> lib [stdc++]
    arg [-lm] ==> lib [m]
    arg [-lomp] ==> lib [omp]
    arg [-rpath] ==> ignore
    arg [/opt/rocm-5.0.0/llvm/bin/../lib] ==> ignore
    arg [-lgcc_s] ==> lib [gcc_s]
    arg [-lgcc] ==> lib [gcc]
    arg [-lpthread] ==> lib [pthread]
    arg [-lc] ==> lib [c]
    arg [-lgcc_s] ==> lib [gcc_s]
    arg [-lgcc] ==> lib [gcc]
  collapse library dir [/usr/lib/gcc/x86_64-linux-gnu/7.5.0] ==> [/usr/lib/gcc/x86_64-linux-gnu/7.5.0]
  collapse library dir [/lib/x86_64-linux-gnu] ==> [/lib/x86_64-linux-gnu]
  collapse library dir [/lib/../lib64] ==> [/lib64]
  collapse library dir [/usr/lib/x86_64-linux-gnu] ==> [/usr/lib/x86_64-linux-gnu]
  collapse library dir [/opt/rocm-5.0.0/llvm/bin/../lib] ==> [/opt/rocm-5.0.0/llvm/lib]
  collapse library dir [/lib] ==> [/lib]
  collapse library dir [/usr/lib] ==> [/usr/lib]
  implicit libs: [stdc++;m;omp;gcc_s;gcc;pthread;c;gcc_s;gcc]
  implicit objs: []
  implicit dirs: [/usr/lib/gcc/x86_64-linux-gnu/7.5.0;/lib/x86_64-linux-gnu;/lib64;/usr/lib/x86_64-linux-gnu;/opt/rocm-5.0.0/llvm/lib;/lib;/usr/lib]
  implicit fwks: []


